This is pdfTeX, Version 3.14159265-2.6-1.40.17 (TeX Live 2016/W32TeX) (preloaded format=pdflatex 2017.2.25)  25 JUN 2017 11:37
entering extended mode
 restricted \write18 enabled.
 %&-line parsing enabled.
**./A.MANUAL.tex
(./A.MANUAL.tex
LaTeX2e <2017/01/01> patch level 2
Babel <3.9r> and hyphenation patterns for 83 language(s) loaded.
(e:/texlive/2016/texmf-dist/tex/latex/refman/refart.cls
Document Class: refart 2006/11/13 v2.0e LaTeX document class
\papermarginwidth=\skip41
(e:/texlive/2016/texmf-dist/tex/latex/base/size10.clo
File: size10.clo 2014/09/29 v1.4h Standard LaTeX file (size option)
)
\leftmarginwidth=\dimen102
\fullwidth=\dimen103
\emptyfoottopmargin=\dimen104
\emptyheadtopmargin=\dimen105
\c@part=\count79
\c@section=\count80
\c@subsection=\count81
\c@subsubsection=\count82
\c@paragraph=\count83
\c@subparagraph=\count84
\c@figure=\count85
\c@table=\count86
\abovecaptionskip=\skip42
\belowcaptionskip=\skip43
\bibindent=\dimen106
)
(e:/texlive/2016/texmf-dist/tex/latex/base/makeidx.sty
Package: makeidx 2014/09/29 v1.0m Standard LaTeX package
)
(e:/texlive/2016/texmf-dist/tex/latex/base/ifthen.sty
Package: ifthen 2014/09/29 v1.1c Standard LaTeX ifthen package (DPC)
)
(e:/texlive/2016/texmf-dist/tex/latex/graphics/graphicx.sty
Package: graphicx 2014/10/28 v1.0g Enhanced LaTeX Graphics (DPC,SPQR)

(e:/texlive/2016/texmf-dist/tex/latex/graphics/keyval.sty
Package: keyval 2014/10/28 v1.15 key=value parser (DPC)
\KV@toks@=\toks14
)
(e:/texlive/2016/texmf-dist/tex/latex/graphics/graphics.sty
Package: graphics 2016/10/09 v1.0u Standard LaTeX Graphics (DPC,SPQR)

(e:/texlive/2016/texmf-dist/tex/latex/graphics/trig.sty
Package: trig 2016/01/03 v1.10 sin cos tan (DPC)
)
(e:/texlive/2016/texmf-dist/tex/latex/graphics-cfg/graphics.cfg
File: graphics.cfg 2016/06/04 v1.11 sample graphics configuration
)
Package graphics Info: Driver file: pdftex.def on input line 99.

(e:/texlive/2016/texmf-dist/tex/latex/graphics-def/pdftex.def
File: pdftex.def 2017/01/12 v0.06k Graphics/color for pdfTeX

(e:/texlive/2016/texmf-dist/tex/generic/oberdiek/infwarerr.sty
Package: infwarerr 2016/05/16 v1.4 Providing info/warning/error messages (HO)
)
(e:/texlive/2016/texmf-dist/tex/generic/oberdiek/ltxcmds.sty
Package: ltxcmds 2016/05/16 v1.23 LaTeX kernel commands for general use (HO)
)
\Gread@gobject=\count87
))
\Gin@req@height=\dimen107
\Gin@req@width=\dimen108
)
\@indexfile=\write3
\openout3 = `A.MANUAL.idx'.


Writing index file A.MANUAL.idx
(./A.MANUAL.aux)
\openout1 = `A.MANUAL.aux'.

LaTeX Font Info:    Checking defaults for OML/cmm/m/it on input line 39.
LaTeX Font Info:    ... okay on input line 39.
LaTeX Font Info:    Checking defaults for T1/cmr/m/n on input line 39.
LaTeX Font Info:    ... okay on input line 39.
LaTeX Font Info:    Checking defaults for OT1/cmr/m/n on input line 39.
LaTeX Font Info:    ... okay on input line 39.
LaTeX Font Info:    Checking defaults for OMS/cmsy/m/n on input line 39.
LaTeX Font Info:    ... okay on input line 39.
LaTeX Font Info:    Checking defaults for OMX/cmex/m/n on input line 39.
LaTeX Font Info:    ... okay on input line 39.
LaTeX Font Info:    Checking defaults for U/cmr/m/n on input line 39.
LaTeX Font Info:    ... okay on input line 39.

(e:/texlive/2016/texmf-dist/tex/context/base/mkii/supp-pdf.mkii
[Loading MPS to PDF converter (version 2006.09.02).]
\scratchcounter=\count88
\scratchdimen=\dimen109
\scratchbox=\box26
\nofMPsegments=\count89
\nofMParguments=\count90
\everyMPshowfont=\toks15
\MPscratchCnt=\count91
\MPscratchDim=\dimen110
\MPnumerator=\count92
\makeMPintoPDFobject=\count93
\everyMPtoPDFconversion=\toks16
) (e:/texlive/2016/texmf-dist/tex/generic/oberdiek/pdftexcmds.sty
Package: pdftexcmds 2016/05/21 v0.22 Utility functions of pdfTeX for LuaTeX (HO
)

(e:/texlive/2016/texmf-dist/tex/generic/oberdiek/ifluatex.sty
Package: ifluatex 2016/05/16 v1.4 Provides the ifluatex switch (HO)
Package ifluatex Info: LuaTeX not detected.
)
(e:/texlive/2016/texmf-dist/tex/generic/oberdiek/ifpdf.sty
Package: ifpdf 2016/05/14 v3.1 Provides the ifpdf switch
)
Package pdftexcmds Info: LuaTeX not detected.
Package pdftexcmds Info: \pdf@primitive is available.
Package pdftexcmds Info: \pdf@ifprimitive is available.
Package pdftexcmds Info: \pdfdraftmode found.
)
(e:/texlive/2016/texmf-dist/tex/latex/oberdiek/epstopdf-base.sty
Package: epstopdf-base 2016/05/15 v2.6 Base part for package epstopdf

(e:/texlive/2016/texmf-dist/tex/latex/oberdiek/grfext.sty
Package: grfext 2016/05/16 v1.2 Manage graphics extensions (HO)

(e:/texlive/2016/texmf-dist/tex/generic/oberdiek/kvdefinekeys.sty
Package: kvdefinekeys 2016/05/16 v1.4 Define keys (HO)
))
(e:/texlive/2016/texmf-dist/tex/latex/oberdiek/kvoptions.sty
Package: kvoptions 2016/05/16 v3.12 Key value format for package options (HO)

(e:/texlive/2016/texmf-dist/tex/generic/oberdiek/kvsetkeys.sty
Package: kvsetkeys 2016/05/16 v1.17 Key value parser (HO)

(e:/texlive/2016/texmf-dist/tex/generic/oberdiek/etexcmds.sty
Package: etexcmds 2016/05/16 v1.6 Avoid name clashes with e-TeX commands (HO)
Package etexcmds Info: Could not find \expanded.
(etexcmds)             That can mean that you are not using pdfTeX 1.50 or
(etexcmds)             that some package has redefined \expanded.
(etexcmds)             In the latter case, load this package earlier.
)))
Package epstopdf-base Info: Redefining graphics rule for `.eps' on input line 4
38.
Package grfext Info: Graphics extension search list:
(grfext)             [.png,.pdf,.jpg,.mps,.jpeg,.jbig2,.jb2,.PNG,.PDF,.JPG,.JPE
G,.JBIG2,.JB2,.eps]
(grfext)             \AppendGraphicsExtensions on input line 456.

(e:/texlive/2016/texmf-dist/tex/latex/latexconfig/epstopdf-sys.cfg
File: epstopdf-sys.cfg 2010/07/13 v1.3 Configuration of (r)epstopdf for TeX Liv
e
))
<umsjtuji.png, id=1, 200.75pt x 200.75pt>
File: umsjtuji.png Graphic file (type png)
 <use umsjtuji.png>
Package pdftex.def Info: umsjtuji.png used on input line 45.
(pdftex.def)             Requested size: 56.9055pt x 56.90495pt.
 [1

{e:/texlive/2016/texmf-var/fonts/map/pdftex/updmap/pdftex.map} <./umsjtuji.png 
(PNG copy)>]
(./A.MANUAL.toc
LaTeX Font Info:    External font `cmex10' loaded for size
(Font)              <7> on input line 2.
LaTeX Font Info:    External font `cmex10' loaded for size
(Font)              <5> on input line 2.
)
\tf@toc=\write4
\openout4 = `A.MANUAL.toc'.

 [2]
LaTeX Font Info:    External font `cmex10' loaded for size
(Font)              <9> on input line 112.
LaTeX Font Info:    External font `cmex10' loaded for size
(Font)              <6> on input line 112.
 [3]
LaTeX Font Info:    External font `cmex10' loaded for size
(Font)              <8> on input line 150.
LaTeX Font Info:    External font `cmex10' loaded for size
(Font)              <12> on input line 153.
 [4]
LaTeX Font Info:    Try loading font information for OMS+cmr on input line 229.


(e:/texlive/2016/texmf-dist/tex/latex/base/omscmr.fd
File: omscmr.fd 2014/09/29 v2.5h Standard LaTeX font definitions
)
LaTeX Font Info:    Font shape `OMS/cmr/m/n' in size <10> not available
(Font)              Font shape `OMS/cmsy/m/n' tried instead on input line 229.
 [5] [6] [7] [8] [9]
[10] (./lay_e2.tex [11] [12

] [13]
\T=\count94
 [14]
Overfull \hbox (18.16626pt too wide) in paragraph at lines 523--526
[][]\OT1/cmr/m/n/10 The text height is cal-cu-lated as the pa-per height mi-nus
 2 \OT1/cmtt/m/n/10 \papermarginwidth\OT1/cmr/m/n/10 .
 []

[15



] [16]
Overfull \hbox (7.47023pt too wide) in paragraph at lines 651--657
\OT1/cmr/m/n/10 com-mand us-ing a []\OT1/cmtt/m/n/10 \renewcommand{\attentionsy
mbol}{\texttt\{:-)\}}
 []


Overfull \hbox (11.98961pt too wide) in paragraph at lines 651--657
\OT1/cmr/m/n/10 com-mand. To get the de-fault back use []\OT1/cmtt/m/n/10 \rene
wcommand{\attentionsymbol}
 []

[17] [18]
Overfull \hbox (3.41617pt too wide) in paragraph at lines 737--741
\OT1/cmr/m/n/10 You can dis-able the rules be-fore and af-ter a \OT1/cmtt/m/n/1
0 maxipage \OT1/cmr/m/n/10 with the \OT1/cmtt/m/n/10 \maxipage-
 []


Overfull \hbox (14.22083pt too wide) in paragraph at lines 774--777
[]\OT1/cmr/m/n/10 You can re-de-fine the bor-der with \OT1/cmtt/m/n/10 \setleng
th\papermarginwidth []{0.25in}\OT1/cmr/m/n/10 .
 []

[19])
No file A.MANUAL.ind.
[20] (./A.MANUAL.aux) ) 
Here is how much of TeX's memory you used:
 1706 strings out of 493013
 23682 string characters out of 6136993
 85957 words of memory out of 5000000
 5228 multiletter control sequences out of 15000+600000
 11290 words of font info for 40 fonts, out of 8000000 for 9000
 1141 hyphenation exceptions out of 8191
 39i,17n,26p,528b,436s stack positions out of 5000i,500n,10000p,200000b,80000s
<e:/texlive/2016/texmf-dist/fonts/type1/public/amsfonts/
cm/cmbx10.pfb><e:/texlive/2016/texmf-dist/fonts/type1/public/amsfonts/cm/cmbx12
.pfb><e:/texlive/2016/texmf-dist/fonts/type1/public/amsfonts/cm/cmbx7.pfb><e:/t
exlive/2016/texmf-dist/fonts/type1/public/amsfonts/cm/cmbx8.pfb><e:/texlive/201
6/texmf-dist/fonts/type1/public/amsfonts/cm/cmbx9.pfb><e:/texlive/2016/texmf-di
st/fonts/type1/public/amsfonts/cm/cmcsc10.pfb><e:/texlive/2016/texmf-dist/fonts
/type1/public/amsfonts/cm/cmmi10.pfb><e:/texlive/2016/texmf-dist/fonts/type1/pu
blic/amsfonts/cm/cmr10.pfb><e:/texlive/2016/texmf-dist/fonts/type1/public/amsfo
nts/cm/cmr6.pfb><e:/texlive/2016/texmf-dist/fonts/type1/public/amsfonts/cm/cmr7
.pfb><e:/texlive/2016/texmf-dist/fonts/type1/public/amsfonts/cm/cmr8.pfb><e:/te
xlive/2016/texmf-dist/fonts/type1/public/amsfonts/cm/cmr9.pfb><e:/texlive/2016/
texmf-dist/fonts/type1/public/amsfonts/cm/cmsl10.pfb><e:/texlive/2016/texmf-dis
t/fonts/type1/public/amsfonts/cm/cmsy10.pfb><e:/texlive/2016/texmf-dist/fonts/t
ype1/public/amsfonts/cm/cmsy9.pfb><e:/texlive/2016/texmf-dist/fonts/type1/publi
c/amsfonts/cm/cmti10.pfb><e:/texlive/2016/texmf-dist/fonts/type1/public/amsfont
s/cm/cmti8.pfb><e:/texlive/2016/texmf-dist/fonts/type1/public/amsfonts/cm/cmtt1
0.pfb><e:/texlive/2016/texmf-dist/fonts/type1/public/amsfonts/cm/cmtt8.pfb><e:/
texlive/2016/texmf-dist/fonts/type1/public/amsfonts/cm/cmtt9.pfb><e:/texlive/20
16/texmf-dist/fonts/type1/public/amsfonts/latxfont/line10.pfb>
Output written on A.MANUAL.pdf (20 pages, 303587 bytes).
PDF statistics:
 155 PDF objects out of 1000 (max. 8388607)
 109 compressed objects within 2 object streams
 0 named destinations out of 1000 (max. 500000)
 6 words of extra memory for PDF output out of 10000 (max. 10000000)

